2023-09-06 16:38:59,006 INFO [utils.routing] [routing.py:32] - STARTED GET / FOR 127.0.0.1
2023-09-06 16:38:59,006 INFO [utils.routing] [routing.py:35] - REQUEST HEADERS {'host': '0.0.0.0:8000', 'connection': 'keep-alive', 'dnt': '1', 'upgrade-insecure-requests': '1', 'user-agent': 'Mozilla/5.0 (Macintosh; Intel Mac OS X 10_15_7) AppleWebKit/537.36 (KHTML, like Gecko) Chrome/116.0.0.0 Safari/537.36', 'accept': 'text/html,application/xhtml+xml,application/xml;q=0.9,image/avif,image/webp,image/apng,*/*;q=0.8,application/signed-exchange;v=b3;q=0.7', 'accept-encoding': 'gzip, deflate', 'accept-language': 'en-US,en;q=0.9'}
2023-09-06 16:38:59,006 INFO [utils.routing] [routing.py:36] - REQUEST b''
2023-09-06 16:38:59,007 INFO [utils.routing] [routing.py:37] - RESPONSE HEADERS {'content-length': '6', 'content-type': 'application/json'}
2023-09-06 16:38:59,007 INFO [utils.routing] [routing.py:38] - RESPONSE b'"Test"'
2023-09-06 16:38:59,007 INFO [utils.routing] [routing.py:40] - COMPLETED 200 GET / FOR 127.0.0.1 IN 10.004ms
2023-09-12 13:06:44,662 ERROR [services.method] [method.py:41] - Error occurred when sending request to accounts: 400 Client Error: Bad Request for url: https://dev.methodfi.com/accounts
Traceback (most recent call last):
  File "/Users/jake.kearns/Documents/NEW_FILE_DIRECTORY/jake_kearns/method_coding_challenge/method_interview/backend/services/method.py", line 38, in _send_request
    response.raise_for_status()  # Raise an HTTPError if the response contains an HTTP error status code.
  File "/Users/jake.kearns/Documents/NEW_FILE_DIRECTORY/jake_kearns/method_coding_challenge/venv/lib/python3.9/site-packages/requests/models.py", line 943, in raise_for_status
    raise HTTPError(http_error_msg, response=self)
requests.exceptions.HTTPError: 400 Client Error: Bad Request for url: https://dev.methodfi.com/accounts
2023-09-12 13:33:54,883 ERROR [utils.routing] [routing.py:47] - ERROR IN 0.2871ms
2023-09-12 13:33:54,884 ERROR [utils.routing] [routing.py:48] - 1 validation error for Request
body
  field required (type=value_error.missing)
2023-09-12 13:34:30,838 ERROR [utils.routing] [routing.py:47] - ERROR IN 2.1954ms
2023-09-12 13:34:30,839 ERROR [utils.routing] [routing.py:48] - 1 validation error for Request
body
  value is not a valid dict (type=type_error.dict)
2023-09-12 13:35:15,222 ERROR [utils.routing] [routing.py:47] - ERROR IN 0.1879ms
2023-09-12 13:35:15,223 ERROR [utils.routing] [routing.py:48] - 1 validation error for Request
body
  value is not a valid dict (type=type_error.dict)
2023-09-12 13:35:38,342 ERROR [utils.routing] [routing.py:47] - ERROR IN 0.2329ms
2023-09-12 13:35:38,343 ERROR [utils.routing] [routing.py:48] - 1 validation error for Request
body
  value is not a valid dict (type=type_error.dict)
2023-09-12 13:35:50,812 ERROR [utils.routing] [routing.py:47] - ERROR IN 0.2229ms
2023-09-12 13:35:50,812 ERROR [utils.routing] [routing.py:48] - 1 validation error for Request
body
  value is not a valid dict (type=type_error.dict)
2023-09-12 13:37:45,977 ERROR [utils.routing] [routing.py:47] - ERROR IN 1.1451ms
2023-09-12 13:37:45,978 ERROR [utils.routing] [routing.py:48] - 1 validation error for Request
body -> content
  field required (type=value_error.missing)
2023-09-12 13:38:04,042 ERROR [utils.routing] [routing.py:47] - ERROR IN 0.1941ms
2023-09-12 13:38:04,042 ERROR [utils.routing] [routing.py:48] - 1 validation error for Request
query -> payload
  field required (type=value_error.missing)
2023-09-12 13:38:10,432 ERROR [utils.routing] [routing.py:47] - ERROR IN 0.1421ms
2023-09-12 13:38:10,433 ERROR [utils.routing] [routing.py:48] - 1 validation error for Request
query -> payload
  field required (type=value_error.missing)
2023-09-12 13:38:19,215 ERROR [utils.routing] [routing.py:47] - ERROR IN 0.1259ms
2023-09-12 13:38:19,216 ERROR [utils.routing] [routing.py:48] - 1 validation error for Request
query -> payload
  field required (type=value_error.missing)
2023-09-12 13:38:31,442 ERROR [utils.routing] [routing.py:47] - ERROR IN 0.2859ms
2023-09-12 13:38:31,442 ERROR [utils.routing] [routing.py:48] - 1 validation error for Request
body -> content
  field required (type=value_error.missing)
2023-09-12 13:39:00,241 ERROR [utils.routing] [routing.py:47] - ERROR IN 0.2911ms
2023-09-12 13:39:00,242 ERROR [utils.routing] [routing.py:48] - 1 validation error for Request
body -> content
  field required (type=value_error.missing)
2023-09-12 13:41:01,836 ERROR [utils.routing] [routing.py:47] - ERROR IN 143.5969ms
2023-09-12 13:41:01,836 ERROR [utils.routing] [routing.py:48] - 
2023-09-12 13:51:24,890 ERROR [utils.routing] [routing.py:47] - ERROR IN 1.1311ms
2023-09-12 13:51:24,892 ERROR [utils.routing] [routing.py:48] - 1 validation error for Request
body -> 3667
  Invalid control character at: line 3 column 3652 (char 3667) (type=value_error.jsondecode; msg=Invalid control character at; doc={
    "data": {
        "payload": "<root><row><Employee><DunkinId>EMP-a7f138d9-1885-43db-b5c7-6b7c09020b4f</DunkinId><DunkinBranch>BRC-bbfbdfe5-0173-4613-8b07-aadb828e67f6</DunkinBranch><FirstName>Ariel</FirstName><LastName>Hayes</LastName><DOB>03-26-1987</DOB><PhoneNumber>+14594036784</PhoneNumber></Employee><Payor><DunkinId>CORP-7dc67e67-e879-4da0-8fee-7d14ba4752b8</DunkinId><ABARouting>403911437</ABARouting><AccountNumber>40909581</AccountNumber><Name>Dunkin' Donuts LLC</Name><DBA>Dunkin' Donuts</DBA><EIN>32120240</EIN><Address><Line1>999 Hayes Lights</Line1><City>Kerlukemouth</City><State>IA</State><Zip>67485</Zip></Address></Payor><Payee><PlaidId>ins_114108</PlaidId><LoanAccountNumber>04807469</LoanAccountNumber></Payee><Amount>$8.15</Amount></row><row><Employee><DunkinId>EMP-a2c0b94b-8152-497f-81b2-154de316b5fe</DunkinId><DunkinBranch>BRC-2d047a52-d2d0-4af0-88d4-f60cad1e613c</DunkinBranch><FirstName>Fletcher</FirstName><LastName>Rowe</LastName><DOB>12-13-2002</DOB><PhoneNumber>+16385328761</PhoneNumber></Employee><Payor><DunkinId>CORP-a9804e0b-e8b0-4837-8bbe-aabafcd483dd</DunkinId><ABARouting>547414133</ABARouting><AccountNumber>93785544</AccountNumber><Name>Dunkin' Donuts LLC</Name><DBA>Dunkin' Donuts</DBA><EIN>32120240</EIN><Address><Line1>999 Hayes Lights</Line1><City>Kerlukemouth</City><State>IA</State><Zip>67485</Zip></Address></Payor><Payee><PlaidId>ins_116945</PlaidId><LoanAccountNumber>39157047</LoanAccountNumber></Payee><Amount>$1.56</Amount></row><row><Employee><DunkinId>EMP-1e4f673d-d683-4597-958c-cb9cc4689653</DunkinId><DunkinBranch>BRC-5713fc98-f3fe-4a69-b9f2-f29ab079b917</DunkinBranch><FirstName>Lindsay</FirstName><LastName>Yundt</LastName><DOB>02-20-1996</DOB><PhoneNumber>+14727956066</PhoneNumber></Employee><Payor><DunkinId>CORP-55988522-7698-46ba-bddd-4bc2956a6bb4</DunkinId><ABARouting>030748921</ABARouting><AccountNumber>93347373</AccountNumber><Name>Dunkin' Donuts LLC</Name><DBA>Dunkin' Donuts</DBA><EIN>32120240</EIN><Address><Line1>999 Hayes Lights</Line1><City>Kerlukemouth</City><State>IA</State><Zip>67485</Zip></Address></Payor><Payee><PlaidId>ins_116861</PlaidId><LoanAccountNumber>68777667</LoanAccountNumber></Payee><Amount>$6.72</Amount></row><row><Employee><DunkinId>EMP-ac719fbd-0a27-4db9-9285-ee2a8e6bece4</DunkinId><DunkinBranch>BRC-52b071ba-5b35-4743-b219-40230551cd8c</DunkinBranch><FirstName>Aurelia</FirstName><LastName>Metz</LastName><DOB>07-27-2003</DOB><PhoneNumber>+16019260414</PhoneNumber></Employee><Payor><DunkinId>CORP-55988522-7698-46ba-bddd-4bc2956a6bb4</DunkinId><ABARouting>030748921</ABARouting><AccountNumber>93347373</AccountNumber><Name>Dunkin' Donuts LLC</Name><DBA>Dunkin' Donuts</DBA><EIN>32120240</EIN><Address><Line1>999 Hayes Lights</Line1><City>Kerlukemouth</City><State>IA</State><Zip>67485</Zip></Address></Payor><Payee><PlaidId>ins_116944</PlaidId><LoanAccountNumber>00299532</LoanAccountNumber></Payee><Amount>$1.58</Amount></row><row><Employee><DunkinId>EMP-000285fa-d544-4bf6-8e3b-4513786c01d6</DunkinId><DunkinBranch>BRC-b19e8df1-77b7-40f4-a290-a909eb741e5b</DunkinBranch><FirstName>Uriah</FirstName><LastName>Krajcik</LastName><DOB>09-06-2003</DOB><PhoneNumber>+15733534238</PhoneNumber></Employee><Payor><DunkinId>CORP-1f5ba4e7-926a-47c5-9031-b07ad1dd6261</DunkinId><ABARouting>181222943</ABARouting><AccountNumber>41927033</AccountNumber><Name>Dunkin' Donuts LLC</Name><DBA>Dunkin' Donuts</DBA><EIN>32120240</EIN><Address><Line1>999 Hayes Lights</Line1><City>Kerlukemouth</City><State>IA</State><Zip>67485</Zip></Address></Payor><Payee><PlaidId>ins_108798</PlaidId><LoanAccountNumber>48380432</LoanAccountNumber></Payee><Amount>$10.08</Amount></row></root>
",
    }
}; pos=3667; lineno=3; colno=3652)
2023-09-12 13:51:46,836 ERROR [utils.routing] [routing.py:47] - ERROR IN 0.771ms
2023-09-12 13:51:46,837 ERROR [utils.routing] [routing.py:48] - 1 validation error for Request
body
  value is not a valid dict (type=type_error.dict)
2023-09-12 14:18:14,274 ERROR [utils.routing] [routing.py:47] - ERROR IN 3.016ms
2023-09-12 14:18:14,276 ERROR [utils.routing] [routing.py:48] - 1 validation error for Request
body -> data
  value is not a valid dict (type=type_error.dict)
2023-09-12 14:18:35,146 ERROR [utils.routing] [routing.py:47] - ERROR IN 68.7811ms
2023-09-12 14:18:35,147 ERROR [utils.routing] [routing.py:48] - 
2023-09-12 14:18:54,206 ERROR [utils.routing] [routing.py:47] - ERROR IN 4104.609ms
2023-09-12 14:18:54,207 ERROR [utils.routing] [routing.py:48] - [TypeError("'ObjectId' object is not iterable"), TypeError('vars() argument must have __dict__ attribute')]
2023-09-12 14:21:08,367 ERROR [utils.routing] [routing.py:47] - ERROR IN 4691.921ms
2023-09-12 14:21:08,368 ERROR [utils.routing] [routing.py:48] - [TypeError("'ObjectId' object is not iterable"), TypeError('vars() argument must have __dict__ attribute')]
2023-09-12 14:22:15,851 ERROR [utils.routing] [routing.py:47] - ERROR IN 8035.305ms
2023-09-12 14:22:15,852 ERROR [utils.routing] [routing.py:48] - [TypeError("'ObjectId' object is not iterable"), TypeError('vars() argument must have __dict__ attribute')]
2023-09-12 14:24:19,650 ERROR [utils.routing] [routing.py:47] - ERROR IN 4139.2381ms
2023-09-12 14:24:19,652 ERROR [utils.routing] [routing.py:48] - [TypeError("'ObjectId' object is not iterable"), TypeError('vars() argument must have __dict__ attribute')]
2023-09-12 14:35:07,097 ERROR [utils.routing] [routing.py:47] - ERROR IN 3620.9102ms
2023-09-12 14:35:07,099 ERROR [utils.routing] [routing.py:48] - [TypeError("'ObjectId' object is not iterable"), TypeError('vars() argument must have __dict__ attribute')]
2023-09-12 14:36:08,833 ERROR [utils.routing] [routing.py:47] - ERROR IN 3833.7181ms
2023-09-12 14:36:08,833 ERROR [utils.routing] [routing.py:48] - [TypeError("'ObjectId' object is not iterable"), TypeError('vars() argument must have __dict__ attribute')]
2023-09-12 14:36:48,681 INFO [utils.routing] [routing.py:32] - STARTED POST /upload_xml FOR 127.0.0.1
2023-09-12 14:36:48,681 INFO [utils.routing] [routing.py:35] - REQUEST HEADERS {'content-type': 'application/json', 'user-agent': 'PostmanRuntime/7.32.3', 'accept': '*/*', 'postman-token': '80b8e9f0-9b8b-463e-8f01-5293198f5b64', 'host': 'localhost:8000', 'accept-encoding': 'gzip, deflate, br', 'connection': 'keep-alive', 'content-length': '3649'}
2023-09-12 14:36:48,681 INFO [utils.routing] [routing.py:36] - REQUEST b'{\n    "data": "<root><row><Employee><DunkinId>EMP-a7f138d9-1885-43db-b5c7-6b7c09020b4f</DunkinId><DunkinBranch>BRC-bbfbdfe5-0173-4613-8b07-aadb828e67f6</DunkinBranch><FirstName>Ariel</FirstName><LastName>Hayes</LastName><DOB>03-26-1987</DOB><PhoneNumber>+14594036784</PhoneNumber></Employee><Payor><DunkinId>CORP-7dc67e67-e879-4da0-8fee-7d14ba4752b8</DunkinId><ABARouting>403911437</ABARouting><AccountNumber>40909581</AccountNumber><Name>Dunkin\' Donuts LLC</Name><DBA>Dunkin\' Donuts</DBA><EIN>32120240</EIN><Address><Line1>999 Hayes Lights</Line1><City>Kerlukemouth</City><State>IA</State><Zip>67485</Zip></Address></Payor><Payee><PlaidId>ins_114108</PlaidId><LoanAccountNumber>04807469</LoanAccountNumber></Payee><Amount>$8.15</Amount></row><row><Employee><DunkinId>EMP-a2c0b94b-8152-497f-81b2-154de316b5fe</DunkinId><DunkinBranch>BRC-2d047a52-d2d0-4af0-88d4-f60cad1e613c</DunkinBranch><FirstName>Fletcher</FirstName><LastName>Rowe</LastName><DOB>12-13-2002</DOB><PhoneNumber>+16385328761</PhoneNumber></Employee><Payor><DunkinId>CORP-a9804e0b-e8b0-4837-8bbe-aabafcd483dd</DunkinId><ABARouting>547414133</ABARouting><AccountNumber>93785544</AccountNumber><Name>Dunkin\' Donuts LLC</Name><DBA>Dunkin\' Donuts</DBA><EIN>32120240</EIN><Address><Line1>999 Hayes Lights</Line1><City>Kerlukemouth</City><State>IA</State><Zip>67485</Zip></Address></Payor><Payee><PlaidId>ins_116945</PlaidId><LoanAccountNumber>39157047</LoanAccountNumber></Payee><Amount>$1.56</Amount></row><row><Employee><DunkinId>EMP-1e4f673d-d683-4597-958c-cb9cc4689653</DunkinId><DunkinBranch>BRC-5713fc98-f3fe-4a69-b9f2-f29ab079b917</DunkinBranch><FirstName>Lindsay</FirstName><LastName>Yundt</LastName><DOB>02-20-1996</DOB><PhoneNumber>+14727956066</PhoneNumber></Employee><Payor><DunkinId>CORP-55988522-7698-46ba-bddd-4bc2956a6bb4</DunkinId><ABARouting>030748921</ABARouting><AccountNumber>93347373</AccountNumber><Name>Dunkin\' Donuts LLC</Name><DBA>Dunkin\' Donuts</DBA><EIN>32120240</EIN><Address><Line1>999 Hayes Lights</Line1><City>Kerlukemouth</City><State>IA</State><Zip>67485</Zip></Address></Payor><Payee><PlaidId>ins_116861</PlaidId><LoanAccountNumber>68777667</LoanAccountNumber></Payee><Amount>$6.72</Amount></row><row><Employee><DunkinId>EMP-ac719fbd-0a27-4db9-9285-ee2a8e6bece4</DunkinId><DunkinBranch>BRC-52b071ba-5b35-4743-b219-40230551cd8c</DunkinBranch><FirstName>Aurelia</FirstName><LastName>Metz</LastName><DOB>07-27-2003</DOB><PhoneNumber>+16019260414</PhoneNumber></Employee><Payor><DunkinId>CORP-55988522-7698-46ba-bddd-4bc2956a6bb4</DunkinId><ABARouting>030748921</ABARouting><AccountNumber>93347373</AccountNumber><Name>Dunkin\' Donuts LLC</Name><DBA>Dunkin\' Donuts</DBA><EIN>32120240</EIN><Address><Line1>999 Hayes Lights</Line1><City>Kerlukemouth</City><State>IA</State><Zip>67485</Zip></Address></Payor><Payee><PlaidId>ins_116944</PlaidId><LoanAccountNumber>00299532</LoanAccountNumber></Payee><Amount>$1.58</Amount></row><row><Employee><DunkinId>EMP-000285fa-d544-4bf6-8e3b-4513786c01d6</DunkinId><DunkinBranch>BRC-b19e8df1-77b7-40f4-a290-a909eb741e5b</DunkinBranch><FirstName>Uriah</FirstName><LastName>Krajcik</LastName><DOB>09-06-2003</DOB><PhoneNumber>+15733534238</PhoneNumber></Employee><Payor><DunkinId>CORP-1f5ba4e7-926a-47c5-9031-b07ad1dd6261</DunkinId><ABARouting>181222943</ABARouting><AccountNumber>41927033</AccountNumber><Name>Dunkin\' Donuts LLC</Name><DBA>Dunkin\' Donuts</DBA><EIN>32120240</EIN><Address><Line1>999 Hayes Lights</Line1><City>Kerlukemouth</City><State>IA</State><Zip>67485</Zip></Address></Payor><Payee><PlaidId>ins_108798</PlaidId><LoanAccountNumber>48380432</LoanAccountNumber></Payee><Amount>$10.08</Amount></row></root>"\n}'
2023-09-12 14:36:48,681 INFO [utils.routing] [routing.py:37] - RESPONSE HEADERS {'content-length': '16', 'content-type': 'application/json'}
2023-09-12 14:36:48,681 INFO [utils.routing] [routing.py:38] - RESPONSE b'{"success":true}'
2023-09-12 14:36:48,682 INFO [utils.routing] [routing.py:40] - COMPLETED 200 POST /upload_xml FOR 127.0.0.1 IN 4091.5689ms
2023-09-12 14:37:59,787 ERROR [utils.routing] [routing.py:47] - ERROR IN 4156.004ms
2023-09-12 14:37:59,788 ERROR [utils.routing] [routing.py:48] - 
2023-09-12 14:42:29,814 INFO [utils.routing] [routing.py:32] - STARTED POST /upload_xml FOR 127.0.0.1
2023-09-12 14:42:29,814 INFO [utils.routing] [routing.py:35] - REQUEST HEADERS {'content-type': 'application/json', 'user-agent': 'PostmanRuntime/7.32.3', 'accept': '*/*', 'postman-token': 'fb3a80ad-c415-481d-85bf-9c84edcabe28', 'host': 'localhost:8000', 'accept-encoding': 'gzip, deflate, br', 'connection': 'keep-alive', 'content-length': '3649'}
2023-09-12 14:42:29,814 INFO [utils.routing] [routing.py:36] - REQUEST b'{\n    "data": "<root><row><Employee><DunkinId>EMP-a7f138d9-1885-43db-b5c7-6b7c09020b4f</DunkinId><DunkinBranch>BRC-bbfbdfe5-0173-4613-8b07-aadb828e67f6</DunkinBranch><FirstName>Ariel</FirstName><LastName>Hayes</LastName><DOB>03-26-1987</DOB><PhoneNumber>+14594036784</PhoneNumber></Employee><Payor><DunkinId>CORP-7dc67e67-e879-4da0-8fee-7d14ba4752b8</DunkinId><ABARouting>403911437</ABARouting><AccountNumber>40909581</AccountNumber><Name>Dunkin\' Donuts LLC</Name><DBA>Dunkin\' Donuts</DBA><EIN>32120240</EIN><Address><Line1>999 Hayes Lights</Line1><City>Kerlukemouth</City><State>IA</State><Zip>67485</Zip></Address></Payor><Payee><PlaidId>ins_114108</PlaidId><LoanAccountNumber>04807469</LoanAccountNumber></Payee><Amount>$8.15</Amount></row><row><Employee><DunkinId>EMP-a2c0b94b-8152-497f-81b2-154de316b5fe</DunkinId><DunkinBranch>BRC-2d047a52-d2d0-4af0-88d4-f60cad1e613c</DunkinBranch><FirstName>Fletcher</FirstName><LastName>Rowe</LastName><DOB>12-13-2002</DOB><PhoneNumber>+16385328761</PhoneNumber></Employee><Payor><DunkinId>CORP-a9804e0b-e8b0-4837-8bbe-aabafcd483dd</DunkinId><ABARouting>547414133</ABARouting><AccountNumber>93785544</AccountNumber><Name>Dunkin\' Donuts LLC</Name><DBA>Dunkin\' Donuts</DBA><EIN>32120240</EIN><Address><Line1>999 Hayes Lights</Line1><City>Kerlukemouth</City><State>IA</State><Zip>67485</Zip></Address></Payor><Payee><PlaidId>ins_116945</PlaidId><LoanAccountNumber>39157047</LoanAccountNumber></Payee><Amount>$1.56</Amount></row><row><Employee><DunkinId>EMP-1e4f673d-d683-4597-958c-cb9cc4689653</DunkinId><DunkinBranch>BRC-5713fc98-f3fe-4a69-b9f2-f29ab079b917</DunkinBranch><FirstName>Lindsay</FirstName><LastName>Yundt</LastName><DOB>02-20-1996</DOB><PhoneNumber>+14727956066</PhoneNumber></Employee><Payor><DunkinId>CORP-55988522-7698-46ba-bddd-4bc2956a6bb4</DunkinId><ABARouting>030748921</ABARouting><AccountNumber>93347373</AccountNumber><Name>Dunkin\' Donuts LLC</Name><DBA>Dunkin\' Donuts</DBA><EIN>32120240</EIN><Address><Line1>999 Hayes Lights</Line1><City>Kerlukemouth</City><State>IA</State><Zip>67485</Zip></Address></Payor><Payee><PlaidId>ins_116861</PlaidId><LoanAccountNumber>68777667</LoanAccountNumber></Payee><Amount>$6.72</Amount></row><row><Employee><DunkinId>EMP-ac719fbd-0a27-4db9-9285-ee2a8e6bece4</DunkinId><DunkinBranch>BRC-52b071ba-5b35-4743-b219-40230551cd8c</DunkinBranch><FirstName>Aurelia</FirstName><LastName>Metz</LastName><DOB>07-27-2003</DOB><PhoneNumber>+16019260414</PhoneNumber></Employee><Payor><DunkinId>CORP-55988522-7698-46ba-bddd-4bc2956a6bb4</DunkinId><ABARouting>030748921</ABARouting><AccountNumber>93347373</AccountNumber><Name>Dunkin\' Donuts LLC</Name><DBA>Dunkin\' Donuts</DBA><EIN>32120240</EIN><Address><Line1>999 Hayes Lights</Line1><City>Kerlukemouth</City><State>IA</State><Zip>67485</Zip></Address></Payor><Payee><PlaidId>ins_116944</PlaidId><LoanAccountNumber>00299532</LoanAccountNumber></Payee><Amount>$1.58</Amount></row><row><Employee><DunkinId>EMP-000285fa-d544-4bf6-8e3b-4513786c01d6</DunkinId><DunkinBranch>BRC-b19e8df1-77b7-40f4-a290-a909eb741e5b</DunkinBranch><FirstName>Uriah</FirstName><LastName>Krajcik</LastName><DOB>09-06-2003</DOB><PhoneNumber>+15733534238</PhoneNumber></Employee><Payor><DunkinId>CORP-1f5ba4e7-926a-47c5-9031-b07ad1dd6261</DunkinId><ABARouting>181222943</ABARouting><AccountNumber>41927033</AccountNumber><Name>Dunkin\' Donuts LLC</Name><DBA>Dunkin\' Donuts</DBA><EIN>32120240</EIN><Address><Line1>999 Hayes Lights</Line1><City>Kerlukemouth</City><State>IA</State><Zip>67485</Zip></Address></Payor><Payee><PlaidId>ins_108798</PlaidId><LoanAccountNumber>48380432</LoanAccountNumber></Payee><Amount>$10.08</Amount></row></root>"\n}'
2023-09-12 14:42:29,815 INFO [utils.routing] [routing.py:37] - RESPONSE HEADERS {'content-length': '16', 'content-type': 'application/json'}
2023-09-12 14:42:29,815 INFO [utils.routing] [routing.py:38] - RESPONSE b'{"success":true}'
2023-09-12 14:42:29,815 INFO [utils.routing] [routing.py:40] - COMPLETED 200 POST /upload_xml FOR 127.0.0.1 IN 3806.56ms
2023-09-12 14:42:57,042 INFO [utils.routing] [routing.py:32] - STARTED POST /upload_xml FOR 127.0.0.1
2023-09-12 14:42:57,042 INFO [utils.routing] [routing.py:35] - REQUEST HEADERS {'content-type': 'application/json', 'user-agent': 'PostmanRuntime/7.32.3', 'accept': '*/*', 'postman-token': 'c9e3b637-f2f4-4a9e-8f71-d42ba375a5b6', 'host': 'localhost:8000', 'accept-encoding': 'gzip, deflate, br', 'connection': 'keep-alive', 'content-length': '3649'}
2023-09-12 14:42:57,042 INFO [utils.routing] [routing.py:36] - REQUEST b'{\n    "data": "<root><row><Employee><DunkinId>EMP-a7f138d9-1885-43db-b5c7-6b7c09020b4f</DunkinId><DunkinBranch>BRC-bbfbdfe5-0173-4613-8b07-aadb828e67f6</DunkinBranch><FirstName>Ariel</FirstName><LastName>Hayes</LastName><DOB>03-26-1987</DOB><PhoneNumber>+14594036784</PhoneNumber></Employee><Payor><DunkinId>CORP-7dc67e67-e879-4da0-8fee-7d14ba4752b8</DunkinId><ABARouting>403911437</ABARouting><AccountNumber>40909581</AccountNumber><Name>Dunkin\' Donuts LLC</Name><DBA>Dunkin\' Donuts</DBA><EIN>32120240</EIN><Address><Line1>999 Hayes Lights</Line1><City>Kerlukemouth</City><State>IA</State><Zip>67485</Zip></Address></Payor><Payee><PlaidId>ins_114108</PlaidId><LoanAccountNumber>04807469</LoanAccountNumber></Payee><Amount>$8.15</Amount></row><row><Employee><DunkinId>EMP-a2c0b94b-8152-497f-81b2-154de316b5fe</DunkinId><DunkinBranch>BRC-2d047a52-d2d0-4af0-88d4-f60cad1e613c</DunkinBranch><FirstName>Fletcher</FirstName><LastName>Rowe</LastName><DOB>12-13-2002</DOB><PhoneNumber>+16385328761</PhoneNumber></Employee><Payor><DunkinId>CORP-a9804e0b-e8b0-4837-8bbe-aabafcd483dd</DunkinId><ABARouting>547414133</ABARouting><AccountNumber>93785544</AccountNumber><Name>Dunkin\' Donuts LLC</Name><DBA>Dunkin\' Donuts</DBA><EIN>32120240</EIN><Address><Line1>999 Hayes Lights</Line1><City>Kerlukemouth</City><State>IA</State><Zip>67485</Zip></Address></Payor><Payee><PlaidId>ins_116945</PlaidId><LoanAccountNumber>39157047</LoanAccountNumber></Payee><Amount>$1.56</Amount></row><row><Employee><DunkinId>EMP-1e4f673d-d683-4597-958c-cb9cc4689653</DunkinId><DunkinBranch>BRC-5713fc98-f3fe-4a69-b9f2-f29ab079b917</DunkinBranch><FirstName>Lindsay</FirstName><LastName>Yundt</LastName><DOB>02-20-1996</DOB><PhoneNumber>+14727956066</PhoneNumber></Employee><Payor><DunkinId>CORP-55988522-7698-46ba-bddd-4bc2956a6bb4</DunkinId><ABARouting>030748921</ABARouting><AccountNumber>93347373</AccountNumber><Name>Dunkin\' Donuts LLC</Name><DBA>Dunkin\' Donuts</DBA><EIN>32120240</EIN><Address><Line1>999 Hayes Lights</Line1><City>Kerlukemouth</City><State>IA</State><Zip>67485</Zip></Address></Payor><Payee><PlaidId>ins_116861</PlaidId><LoanAccountNumber>68777667</LoanAccountNumber></Payee><Amount>$6.72</Amount></row><row><Employee><DunkinId>EMP-ac719fbd-0a27-4db9-9285-ee2a8e6bece4</DunkinId><DunkinBranch>BRC-52b071ba-5b35-4743-b219-40230551cd8c</DunkinBranch><FirstName>Aurelia</FirstName><LastName>Metz</LastName><DOB>07-27-2003</DOB><PhoneNumber>+16019260414</PhoneNumber></Employee><Payor><DunkinId>CORP-55988522-7698-46ba-bddd-4bc2956a6bb4</DunkinId><ABARouting>030748921</ABARouting><AccountNumber>93347373</AccountNumber><Name>Dunkin\' Donuts LLC</Name><DBA>Dunkin\' Donuts</DBA><EIN>32120240</EIN><Address><Line1>999 Hayes Lights</Line1><City>Kerlukemouth</City><State>IA</State><Zip>67485</Zip></Address></Payor><Payee><PlaidId>ins_116944</PlaidId><LoanAccountNumber>00299532</LoanAccountNumber></Payee><Amount>$1.58</Amount></row><row><Employee><DunkinId>EMP-000285fa-d544-4bf6-8e3b-4513786c01d6</DunkinId><DunkinBranch>BRC-b19e8df1-77b7-40f4-a290-a909eb741e5b</DunkinBranch><FirstName>Uriah</FirstName><LastName>Krajcik</LastName><DOB>09-06-2003</DOB><PhoneNumber>+15733534238</PhoneNumber></Employee><Payor><DunkinId>CORP-1f5ba4e7-926a-47c5-9031-b07ad1dd6261</DunkinId><ABARouting>181222943</ABARouting><AccountNumber>41927033</AccountNumber><Name>Dunkin\' Donuts LLC</Name><DBA>Dunkin\' Donuts</DBA><EIN>32120240</EIN><Address><Line1>999 Hayes Lights</Line1><City>Kerlukemouth</City><State>IA</State><Zip>67485</Zip></Address></Payor><Payee><PlaidId>ins_108798</PlaidId><LoanAccountNumber>48380432</LoanAccountNumber></Payee><Amount>$10.08</Amount></row></root>"\n}'
2023-09-12 14:42:57,042 INFO [utils.routing] [routing.py:37] - RESPONSE HEADERS {'content-length': '1729', 'content-type': 'application/json'}
2023-09-12 14:42:57,042 INFO [utils.routing] [routing.py:38] - RESPONSE b'[{"_id":"6500bf406af7aea79eb57348","employee":{"dunkin_id":"EMP-a7f138d9-1885-43db-b5c7-6b7c09020b4f","dunkin_branch":"BRC-bbfbdfe5-0173-4613-8b07-aadb828e67f6","first_name":"Ariel","last_name":"Hayes","dob":"03-26-1987","phone_number":"+14594036784","external_status":null,"external_id":null},"payor_account":{"aba_routing":"403911437","account_number":"40909581","payor_record":{"dunkin_id":"CORP-7dc67e67-e879-4da0-8fee-7d14ba4752b8","name":"Dunkin\' Donuts LLC","dba":"Dunkin\' Donuts","ein":"32120240","address":{"line1":"999 Hayes Lights","city":"Kerlukemouth","state":"IA","zip":"67485","external_status":null,"external_id":null},"external_status":null,"external_id":null},"external_status":null,"external_id":null},"payee":{"plaid_id":"ins_114108","loan_account_number":"04807469","merchant":{"mch_id":"mch_306304","parent_name":"JCPenney","name":"JCPenney Credit Card","logo":"https://static.methodfi.com/mch-logos/1617403164588-jcpenney.png","description":null,"note":null,"types":["credit_card"],"account_prefixes":[],"provider_ids":{"plaid":["ins_114108"],"mx":["76608204-e34d-8777-cbba-93df89cb1920","69802"],"finicity":[],"dpp":["18371797","18379018","11801888"]},"credentials":[{"initial":true,"type":"account_number"}],"customized_auth":false,"is_temp":false,"account_number_formats":["################"]},"employee_record":{"dunkin_id":"EMP-a7f138d9-1885-43db-b5c7-6b7c09020b4f","dunkin_branch":"BRC-bbfbdfe5-0173-4613-8b07-aadb828e67f6","first_name":"Ariel","last_name":"Hayes","dob":"03-26-1987","phone_number":"+14594036784","external_status":null,"external_id":null},"external_status":null,"external_id":null},"amount_cents":815,"external_status":null,"external_id":null,"batch_id":"6500bf3d6af7aea79eb57347"}]'
2023-09-12 14:42:57,042 INFO [utils.routing] [routing.py:40] - COMPLETED 200 POST /upload_xml FOR 127.0.0.1 IN 3984.818ms
